[mclg]<  func  > : [1] func() <{

[    ]<observed> :     op [ctor] {
                 :         a<0>[0x7ffe835ef860] | 1 | hist: $0
                 :     }

                 :     op [ctor] {
                 :         b<1>[0x7ffe835ef8c0] | 2 | hist: $1
                 :     }

                 :     op [ctor] {
                 :         c<2>[0x7ffe835ef920] | 3 | hist: $2
                 :     }

                 :     op [
[    ]<[--op--]> :         ctor_copy
                 :                  ] {
[    ]<observed> :         tmp0<3>[0x7ffe835ef980] | 2 | hist: {$1}
                 :         b<1>[0x7ffe835ef8c0] | 2 | hist: $1
                 :     }

                 :     op [+] {
                 :         tmp0<3>[0x7ffe835ef980] | 2 | hist: {$1}
                 :         c<2>[0x7ffe835ef920] | 3 | hist: $2
                 :     }

                 :     op [ctor_move] {
                 :         tmp1<4>[0x7ffe835ef9e0] | 5 | hist: &&({$1} + $2)
                 :         tmp0<3>[0x7ffe835ef980] | 5 | hist: {$1} + $2
                 :     }

                 :     op [asgn_move] {
                 :         a<0>[0x7ffe835ef860] | 1 | hist: =&&(&&({$1} + $2))
                 :         tmp1<4>[0x7ffe835ef9e0] | 5 | hist: &&({$1} + $2)
                 :     }

[    ]<  func  > :     [2] func() <{

[    ]<observed> :         op [ctor] {
                 :             a<5>[0x7ffe835ef620] | 1 | hist: $5
                 :         }

                 :         op [ctor] {
                 :             b<6>[0x7ffe835ef680] | 2 | hist: $6
                 :         }

                 :         op [ctor] {
                 :             c<7>[0x7ffe835ef6e0] | 3 | hist: $7
                 :         }

                 :         op [
[    ]<[--op--]> :             ctor_copy
                 :                      ] {
[    ]<observed> :             tmp2<8>[0x7ffe835ef740] | 2 | hist: {$6}
                 :             b<6>[0x7ffe835ef680] | 2 | hist: $6
                 :         }

                 :         op [+] {
                 :             tmp2<8>[0x7ffe835ef740] | 2 | hist: {$6}
                 :             c<7>[0x7ffe835ef6e0] | 3 | hist: $7
                 :         }

                 :         op [ctor_move] {
[mclg]<observed> :             tmp3<9>[0x7ffe835ef7a0] | 5 | hist: &&({$6} + $7)
                 :             tmp2<8>[0x7ffe835ef740] | 5 | hist: {$6} + $7
                 :         }

                 :         op [asgn_move] {
                 :             a<5>[0x7ffe835ef620] | 1 | hist: =&&(&&({$6} + $7))
                 :             tmp3<9>[0x7ffe835ef7a0] | 5 | hist: &&({$6} + $7)
                 :         }

[    ]<  func  > :         [3] func() <{

[    ]<observed> :             op [ctor] {
                 :                 a<10>[0x7ffe835ef3e0] | 1 | hist: $10
                 :             }

                 :             op [ctor] {
                 :                 b<11>[0x7ffe835ef440] | 2 | hist: $11
                 :             }

                 :             op [ctor] {
                 :                 c<12>[0x7ffe835ef4a0] | 3 | hist: $12
                 :             }

                 :             op [
[    ]<[--op--]> :                 ctor_copy
                 :                          ] {
[    ]<observed> :                 tmp4<13>[0x7ffe835ef500] | 2 | hist: {$11}
                 :                 b<11>[0x7ffe835ef440] | 2 | hist: $11
                 :             }

                 :             op [+] {
                 :                 tmp4<13>[0x7ffe835ef500] | 2 | hist: {$11}
                 :                 c<12>[0x7ffe835ef4a0] | 3 | hist: $12
                 :             }

                 :             op [ctor_move] {
                 :                 tmp5<14>[0x7ffe835ef560] | 5 | hist: &&({$11} + $12)
                 :                 tmp4<13>[0x7ffe835ef500] | 5 | hist: {$11} + $12
                 :             }

                 :             op [asgn_move] {
                 :                 a<10>[0x7ffe835ef3e0] | 1 | hist: =&&(&&({$11} + $12))
                 :                 tmp5<14>[0x7ffe835ef560] | 5 | hist: &&({$11} + $12)
                 :             }

[    ]<  func  > :             [4] func() <{

                 :             }> [4] func()
                 :         }> [3] func()
                 :     }> [2] func()
                 : }> [1] func()
